g:\tingchechangcode\workspace\20181103v13\newcommversionhost1\vs\hostvs\hostvs\visualgdb\debug\adc.gcc.rsp
g:\tingchechangcode\workspace\20181103v13\newcommversionhost1\vs\hostvs\hostvs\visualgdb\debug\adc_dac.gcc.rsp
g:\tingchechangcode\workspace\20181103v13\newcommversionhost1\vs\hostvs\hostvs\visualgdb\debug\air_interface.gcc.rsp
g:\tingchechangcode\workspace\20181103v13\newcommversionhost1\vs\hostvs\hostvs\visualgdb\debug\base_comm.gcc.rsp
g:\tingchechangcode\workspace\20181103v13\newcommversionhost1\vs\hostvs\hostvs\visualgdb\debug\buzzer_led.gcc.rsp
g:\tingchechangcode\workspace\20181103v13\newcommversionhost1\vs\hostvs\hostvs\visualgdb\debug\cancellation.gcc.rsp
g:\tingchechangcode\workspace\20181103v13\newcommversionhost1\vs\hostvs\hostvs\visualgdb\debug\cancell_spi.gcc.rsp
g:\tingchechangcode\workspace\20181103v13\newcommversionhost1\vs\hostvs\hostvs\visualgdb\debug\charge.gcc.rsp
g:\tingchechangcode\workspace\20181103v13\newcommversionhost1\vs\hostvs\hostvs\visualgdb\debug\class_retain.gcc.rsp
g:\tingchechangcode\workspace\20181103v13\newcommversionhost1\vs\hostvs\hostvs\visualgdb\debug\communication.gcc.rsp
g:\tingchechangcode\workspace\20181103v13\newcommversionhost1\vs\hostvs\hostvs\visualgdb\debug\config.gcc.rsp
g:\tingchechangcode\workspace\20181103v13\newcommversionhost1\vs\hostvs\hostvs\visualgdb\debug\core_cm3.gcc.rsp
g:\tingchechangcode\workspace\20181103v13\newcommversionhost1\vs\hostvs\hostvs\visualgdb\debug\dac.gcc.rsp
g:\tingchechangcode\workspace\20181103v13\newcommversionhost1\vs\hostvs\hostvs\visualgdb\debug\dac1080s.gcc.rsp
g:\tingchechangcode\workspace\20181103v13\newcommversionhost1\vs\hostvs\hostvs\visualgdb\debug\en25q256.gcc.rsp
g:\tingchechangcode\workspace\20181103v13\newcommversionhost1\vs\hostvs\hostvs\visualgdb\debug\epc.gcc.rsp
g:\tingchechangcode\workspace\20181103v13\newcommversionhost1\vs\hostvs\hostvs\visualgdb\debug\extendhbframe_operation.gcc.rsp
g:\tingchechangcode\workspace\20181103v13\newcommversionhost1\vs\hostvs\hostvs\visualgdb\debug\extendllrp.gcc.rsp
g:\tingchechangcode\workspace\20181103v13\newcommversionhost1\vs\hostvs\hostvs\visualgdb\debug\general_functions.gcc.rsp
g:\tingchechangcode\workspace\20181103v13\newcommversionhost1\vs\hostvs\hostvs\visualgdb\debug\getdevicecapabilities.gcc.rsp
g:\tingchechangcode\workspace\20181103v13\newcommversionhost1\vs\hostvs\hostvs\visualgdb\debug\gpio.gcc.rsp
g:\tingchechangcode\workspace\20181103v13\newcommversionhost1\vs\hostvs\hostvs\visualgdb\debug\hbframe_operation.gcc.rsp
g:\tingchechangcode\workspace\20181103v13\newcommversionhost1\vs\hostvs\hostvs\visualgdb\debug\hexconvert.gcc.rsp
g:\tingchechangcode\workspace\20181103v13\newcommversionhost1\vs\hostvs\hostvs\visualgdb\debug\i2c.gcc.rsp
g:\tingchechangcode\workspace\20181103v13\newcommversionhost1\vs\hostvs\hostvs\visualgdb\debug\ioctrl.gcc.rsp
g:\tingchechangcode\workspace\20181103v13\newcommversionhost1\vs\hostvs\hostvs\visualgdb\debug\key_exit.gcc.rsp
g:\tingchechangcode\workspace\20181103v13\newcommversionhost1\vs\hostvs\hostvs\visualgdb\debug\llrp_capabilities.gcc.rsp
g:\tingchechangcode\workspace\20181103v13\newcommversionhost1\vs\hostvs\hostvs\visualgdb\debug\llrp_general.gcc.rsp
g:\tingchechangcode\workspace\20181103v13\newcommversionhost1\vs\hostvs\hostvs\visualgdb\debug\llrp_net.gcc.rsp
g:\tingchechangcode\workspace\20181103v13\newcommversionhost1\vs\hostvs\hostvs\visualgdb\debug\llrp_operation.gcc.rsp
g:\tingchechangcode\workspace\20181103v13\newcommversionhost1\vs\hostvs\hostvs\visualgdb\debug\lmx2541.gcc.rsp
g:\tingchechangcode\workspace\20181103v13\newcommversionhost1\vs\hostvs\hostvs\visualgdb\debug\lowpower.gcc.rsp
g:\tingchechangcode\workspace\20181103v13\newcommversionhost1\vs\hostvs\hostvs\visualgdb\debug\ltkcpp_array.gcc.rsp
g:\tingchechangcode\workspace\20181103v13\newcommversionhost1\vs\hostvs\hostvs\visualgdb\debug\ltkcpp_element.gcc.rsp
g:\tingchechangcode\workspace\20181103v13\newcommversionhost1\vs\hostvs\hostvs\visualgdb\debug\ltkcpp_encdec.gcc.rsp
g:\tingchechangcode\workspace\20181103v13\newcommversionhost1\vs\hostvs\hostvs\visualgdb\debug\ltkcpp_error.gcc.rsp
g:\tingchechangcode\workspace\20181103v13\newcommversionhost1\vs\hostvs\hostvs\visualgdb\debug\ltkcpp_framedecode.gcc.rsp
g:\tingchechangcode\workspace\20181103v13\newcommversionhost1\vs\hostvs\hostvs\visualgdb\debug\ltkcpp_frameencode.gcc.rsp
g:\tingchechangcode\workspace\20181103v13\newcommversionhost1\vs\hostvs\hostvs\visualgdb\debug\ltkcpp_frameextract.gcc.rsp
g:\tingchechangcode\workspace\20181103v13\newcommversionhost1\vs\hostvs\hostvs\visualgdb\debug\ltkcpp_genout.gcc.rsp
g:\tingchechangcode\workspace\20181103v13\newcommversionhost1\vs\hostvs\hostvs\visualgdb\debug\ltkcpp_hdrfd.gcc.rsp
g:\tingchechangcode\workspace\20181103v13\newcommversionhost1\vs\hostvs\hostvs\visualgdb\debug\ltkcpp_typeregistry.gcc.rsp
g:\tingchechangcode\workspace\20181103v13\newcommversionhost1\vs\hostvs\hostvs\visualgdb\debug\ltkcpp_xmltextencode.gcc.rsp
g:\tingchechangcode\workspace\20181103v13\newcommversionhost1\vs\hostvs\hostvs\visualgdb\debug\main.gcc.rsp
g:\tingchechangcode\workspace\20181103v13\newcommversionhost1\vs\hostvs\hostvs\visualgdb\debug\main_application.gcc.rsp
g:\tingchechangcode\workspace\20181103v13\newcommversionhost1\vs\hostvs\hostvs\visualgdb\debug\manufacturerframe.gcc.rsp
g:\tingchechangcode\workspace\20181103v13\newcommversionhost1\vs\hostvs\hostvs\visualgdb\debug\mcutosecurecomm.gcc.rsp
g:\tingchechangcode\workspace\20181103v13\newcommversionhost1\vs\hostvs\hostvs\visualgdb\debug\mcu_led.gcc.rsp
g:\tingchechangcode\workspace\20181103v13\newcommversionhost1\vs\hostvs\hostvs\visualgdb\debug\misc.gcc.rsp
g:\tingchechangcode\workspace\20181103v13\newcommversionhost1\vs\hostvs\hostvs\visualgdb\debug\model_base.gcc.rsp
g:\tingchechangcode\workspace\20181103v13\newcommversionhost1\vs\hostvs\hostvs\visualgdb\debug\mraes.gcc.rsp
g:\tingchechangcode\workspace\20181103v13\newcommversionhost1\vs\hostvs\hostvs\visualgdb\debug\mralloc.gcc.rsp
g:\tingchechangcode\workspace\20181103v13\newcommversionhost1\vs\hostvs\hostvs\visualgdb\debug\mrarth0.gcc.rsp
g:\tingchechangcode\workspace\20181103v13\newcommversionhost1\vs\hostvs\hostvs\visualgdb\debug\mrarth1.gcc.rsp
g:\tingchechangcode\workspace\20181103v13\newcommversionhost1\vs\hostvs\hostvs\visualgdb\debug\mrarth2.gcc.rsp
g:\tingchechangcode\workspace\20181103v13\newcommversionhost1\vs\hostvs\hostvs\visualgdb\debug\mrarth3.gcc.rsp
g:\tingchechangcode\workspace\20181103v13\newcommversionhost1\vs\hostvs\hostvs\visualgdb\debug\mrbits.gcc.rsp
g:\tingchechangcode\workspace\20181103v13\newcommversionhost1\vs\hostvs\hostvs\visualgdb\debug\mrbrick.gcc.rsp
g:\tingchechangcode\workspace\20181103v13\newcommversionhost1\vs\hostvs\hostvs\visualgdb\debug\mrcore.gcc.rsp
g:\tingchechangcode\workspace\20181103v13\newcommversionhost1\vs\hostvs\hostvs\visualgdb\debug\mrcrt.gcc.rsp
g:\tingchechangcode\workspace\20181103v13\newcommversionhost1\vs\hostvs\hostvs\visualgdb\debug\mrcurve.gcc.rsp
g:\tingchechangcode\workspace\20181103v13\newcommversionhost1\vs\hostvs\hostvs\visualgdb\debug\mrebrick.gcc.rsp
g:\tingchechangcode\workspace\20181103v13\newcommversionhost1\vs\hostvs\hostvs\visualgdb\debug\mrec2m.gcc.rsp
g:\tingchechangcode\workspace\20181103v13\newcommversionhost1\vs\hostvs\hostvs\visualgdb\debug\mrecn2.gcc.rsp
g:\tingchechangcode\workspace\20181103v13\newcommversionhost1\vs\hostvs\hostvs\visualgdb\debug\mrfast.gcc.rsp
g:\tingchechangcode\workspace\20181103v13\newcommversionhost1\vs\hostvs\hostvs\visualgdb\debug\mrgcd.gcc.rsp
g:\tingchechangcode\workspace\20181103v13\newcommversionhost1\vs\hostvs\hostvs\visualgdb\debug\mrgcm.gcc.rsp
g:\tingchechangcode\workspace\20181103v13\newcommversionhost1\vs\hostvs\hostvs\visualgdb\debug\mrgf2m.gcc.rsp
g:\tingchechangcode\workspace\20181103v13\newcommversionhost1\vs\hostvs\hostvs\visualgdb\debug\mrio1.gcc.rsp
g:\tingchechangcode\workspace\20181103v13\newcommversionhost1\vs\hostvs\hostvs\visualgdb\debug\mrio2.gcc.rsp
g:\tingchechangcode\workspace\20181103v13\newcommversionhost1\vs\hostvs\hostvs\visualgdb\debug\mrjack.gcc.rsp
g:\tingchechangcode\workspace\20181103v13\newcommversionhost1\vs\hostvs\hostvs\visualgdb\debug\mrlucas.gcc.rsp
g:\tingchechangcode\workspace\20181103v13\newcommversionhost1\vs\hostvs\hostvs\visualgdb\debug\mrmonty.gcc.rsp
g:\tingchechangcode\workspace\20181103v13\newcommversionhost1\vs\hostvs\hostvs\visualgdb\debug\mrpower.gcc.rsp
g:\tingchechangcode\workspace\20181103v13\newcommversionhost1\vs\hostvs\hostvs\visualgdb\debug\mrprime.gcc.rsp
g:\tingchechangcode\workspace\20181103v13\newcommversionhost1\vs\hostvs\hostvs\visualgdb\debug\mrrand.gcc.rsp
g:\tingchechangcode\workspace\20181103v13\newcommversionhost1\vs\hostvs\hostvs\visualgdb\debug\mrscrt.gcc.rsp
g:\tingchechangcode\workspace\20181103v13\newcommversionhost1\vs\hostvs\hostvs\visualgdb\debug\mrshs.gcc.rsp
g:\tingchechangcode\workspace\20181103v13\newcommversionhost1\vs\hostvs\hostvs\visualgdb\debug\mrshs256.gcc.rsp
g:\tingchechangcode\workspace\20181103v13\newcommversionhost1\vs\hostvs\hostvs\visualgdb\debug\mrshs512.gcc.rsp
g:\tingchechangcode\workspace\20181103v13\newcommversionhost1\vs\hostvs\hostvs\visualgdb\debug\mrsmall.gcc.rsp
g:\tingchechangcode\workspace\20181103v13\newcommversionhost1\vs\hostvs\hostvs\visualgdb\debug\mrsroot.gcc.rsp
g:\tingchechangcode\workspace\20181103v13\newcommversionhost1\vs\hostvs\hostvs\visualgdb\debug\mrstrong.gcc.rsp
g:\tingchechangcode\workspace\20181103v13\newcommversionhost1\vs\hostvs\hostvs\visualgdb\debug\mrxgcd.gcc.rsp
g:\tingchechangcode\workspace\20181103v13\newcommversionhost1\vs\hostvs\hostvs\visualgdb\debug\mrzzn2.gcc.rsp
g:\tingchechangcode\workspace\20181103v13\newcommversionhost1\vs\hostvs\hostvs\visualgdb\debug\mrzzn2b.gcc.rsp
g:\tingchechangcode\workspace\20181103v13\newcommversionhost1\vs\hostvs\hostvs\visualgdb\debug\mrzzn3.gcc.rsp
g:\tingchechangcode\workspace\20181103v13\newcommversionhost1\vs\hostvs\hostvs\visualgdb\debug\operationreport_manager.gcc.rsp
g:\tingchechangcode\workspace\20181103v13\newcommversionhost1\vs\hostvs\hostvs\visualgdb\debug\operationspec_execute_base.gcc.rsp
g:\tingchechangcode\workspace\20181103v13\newcommversionhost1\vs\hostvs\hostvs\visualgdb\debug\operationspec_execute_gb.gcc.rsp
g:\tingchechangcode\workspace\20181103v13\newcommversionhost1\vs\hostvs\hostvs\visualgdb\debug\operationspec_execute_hb.gcc.rsp
g:\tingchechangcode\workspace\20181103v13\newcommversionhost1\vs\hostvs\hostvs\visualgdb\debug\operationspec_manager.gcc.rsp
g:\tingchechangcode\workspace\20181103v13\newcommversionhost1\vs\hostvs\hostvs\visualgdb\debug\operation_process.gcc.rsp
g:\tingchechangcode\workspace\20181103v13\newcommversionhost1\vs\hostvs\hostvs\visualgdb\debug\opspecresult.gcc.rsp
g:\tingchechangcode\workspace\20181103v13\newcommversionhost1\vs\hostvs\hostvs\visualgdb\debug\param_manager.gcc.rsp
g:\tingchechangcode\workspace\20181103v13\newcommversionhost1\vs\hostvs\hostvs\visualgdb\debug\pcf8563.gcc.rsp
g:\tingchechangcode\workspace\20181103v13\newcommversionhost1\vs\hostvs\hostvs\visualgdb\debug\power_led.gcc.rsp
g:\tingchechangcode\workspace\20181103v13\newcommversionhost1\vs\hostvs\hostvs\visualgdb\debug\printf_usart.gcc.rsp
g:\tingchechangcode\workspace\20181103v13\newcommversionhost1\vs\hostvs\hostvs\visualgdb\debug\radar_model.gcc.rsp
g:\tingchechangcode\workspace\20181103v13\newcommversionhost1\vs\hostvs\hostvs\visualgdb\debug\read_manage.gcc.rsp
g:\tingchechangcode\workspace\20181103v13\newcommversionhost1\vs\hostvs\hostvs\visualgdb\debug\retarget.gcc.rsp
g:\tingchechangcode\workspace\20181103v13\newcommversionhost1\vs\hostvs\hostvs\visualgdb\debug\rf_manager.gcc.rsp
g:\tingchechangcode\workspace\20181103v13\newcommversionhost1\vs\hostvs\hostvs\visualgdb\debug\rf_oper.gcc.rsp
g:\tingchechangcode\workspace\20181103v13\newcommversionhost1\vs\hostvs\hostvs\visualgdb\debug\rf_oper_base.gcc.rsp
g:\tingchechangcode\workspace\20181103v13\newcommversionhost1\vs\hostvs\hostvs\visualgdb\debug\rf_oper_gb.gcc.rsp
g:\tingchechangcode\workspace\20181103v13\newcommversionhost1\vs\hostvs\hostvs\visualgdb\debug\rf_oper_hb.gcc.rsp
g:\tingchechangcode\workspace\20181103v13\newcommversionhost1\vs\hostvs\hostvs\visualgdb\debug\rtc.gcc.rsp
g:\tingchechangcode\workspace\20181103v13\newcommversionhost1\vs\hostvs\hostvs\visualgdb\debug\rx485_rev.gcc.rsp
g:\tingchechangcode\workspace\20181103v13\newcommversionhost1\vs\hostvs\hostvs\visualgdb\debug\rx485_send.gcc.rsp
g:\tingchechangcode\workspace\20181103v13\newcommversionhost1\vs\hostvs\hostvs\visualgdb\debug\rx485_uart.gcc.rsp
g:\tingchechangcode\workspace\20181103v13\newcommversionhost1\vs\hostvs\hostvs\visualgdb\debug\serial_comm.gcc.rsp
g:\tingchechangcode\workspace\20181103v13\newcommversionhost1\vs\hostvs\hostvs\visualgdb\debug\sim_spi.gcc.rsp
g:\tingchechangcode\workspace\20181103v13\newcommversionhost1\vs\hostvs\hostvs\visualgdb\debug\sim_spi1.gcc.rsp
g:\tingchechangcode\workspace\20181103v13\newcommversionhost1\vs\hostvs\hostvs\visualgdb\debug\sm.gcc.rsp
g:\tingchechangcode\workspace\20181103v13\newcommversionhost1\vs\hostvs\hostvs\visualgdb\debug\sm2.gcc.rsp
g:\tingchechangcode\workspace\20181103v13\newcommversionhost1\vs\hostvs\hostvs\visualgdb\debug\sm2certification.gcc.rsp
g:\tingchechangcode\workspace\20181103v13\newcommversionhost1\vs\hostvs\hostvs\visualgdb\debug\sm3.gcc.rsp
g:\tingchechangcode\workspace\20181103v13\newcommversionhost1\vs\hostvs\hostvs\visualgdb\debug\spi.gcc.rsp
g:\tingchechangcode\workspace\20181103v13\newcommversionhost1\vs\hostvs\hostvs\visualgdb\debug\spi1.gcc.rsp
g:\tingchechangcode\workspace\20181103v13\newcommversionhost1\vs\hostvs\hostvs\visualgdb\debug\spi_communication.gcc.rsp
g:\tingchechangcode\workspace\20181103v13\newcommversionhost1\vs\hostvs\hostvs\visualgdb\debug\stm32f2xx_adc.gcc.rsp
g:\tingchechangcode\workspace\20181103v13\newcommversionhost1\vs\hostvs\hostvs\visualgdb\debug\stm32f2xx_can.gcc.rsp
g:\tingchechangcode\workspace\20181103v13\newcommversionhost1\vs\hostvs\hostvs\visualgdb\debug\stm32f2xx_crc.gcc.rsp
g:\tingchechangcode\workspace\20181103v13\newcommversionhost1\vs\hostvs\hostvs\visualgdb\debug\stm32f2xx_cryp.gcc.rsp
g:\tingchechangcode\workspace\20181103v13\newcommversionhost1\vs\hostvs\hostvs\visualgdb\debug\stm32f2xx_cryp_aes.gcc.rsp
g:\tingchechangcode\workspace\20181103v13\newcommversionhost1\vs\hostvs\hostvs\visualgdb\debug\stm32f2xx_cryp_des.gcc.rsp
g:\tingchechangcode\workspace\20181103v13\newcommversionhost1\vs\hostvs\hostvs\visualgdb\debug\stm32f2xx_cryp_tdes.gcc.rsp
g:\tingchechangcode\workspace\20181103v13\newcommversionhost1\vs\hostvs\hostvs\visualgdb\debug\stm32f2xx_dac.gcc.rsp
g:\tingchechangcode\workspace\20181103v13\newcommversionhost1\vs\hostvs\hostvs\visualgdb\debug\stm32f2xx_dbgmcu.gcc.rsp
g:\tingchechangcode\workspace\20181103v13\newcommversionhost1\vs\hostvs\hostvs\visualgdb\debug\stm32f2xx_dcmi.gcc.rsp
g:\tingchechangcode\workspace\20181103v13\newcommversionhost1\vs\hostvs\hostvs\visualgdb\debug\stm32f2xx_dma.gcc.rsp
g:\tingchechangcode\workspace\20181103v13\newcommversionhost1\vs\hostvs\hostvs\visualgdb\debug\stm32f2xx_exti.gcc.rsp
g:\tingchechangcode\workspace\20181103v13\newcommversionhost1\vs\hostvs\hostvs\visualgdb\debug\stm32f2xx_flash.gcc.rsp
g:\tingchechangcode\workspace\20181103v13\newcommversionhost1\vs\hostvs\hostvs\visualgdb\debug\stm32f2xx_fsmc.gcc.rsp
g:\tingchechangcode\workspace\20181103v13\newcommversionhost1\vs\hostvs\hostvs\visualgdb\debug\stm32f2xx_gpio.gcc.rsp
g:\tingchechangcode\workspace\20181103v13\newcommversionhost1\vs\hostvs\hostvs\visualgdb\debug\stm32f2xx_hash.gcc.rsp
g:\tingchechangcode\workspace\20181103v13\newcommversionhost1\vs\hostvs\hostvs\visualgdb\debug\stm32f2xx_hash_md5.gcc.rsp
g:\tingchechangcode\workspace\20181103v13\newcommversionhost1\vs\hostvs\hostvs\visualgdb\debug\stm32f2xx_hash_sha1.gcc.rsp
g:\tingchechangcode\workspace\20181103v13\newcommversionhost1\vs\hostvs\hostvs\visualgdb\debug\stm32f2xx_i2c.gcc.rsp
g:\tingchechangcode\workspace\20181103v13\newcommversionhost1\vs\hostvs\hostvs\visualgdb\debug\stm32f2xx_it.gcc.rsp
g:\tingchechangcode\workspace\20181103v13\newcommversionhost1\vs\hostvs\hostvs\visualgdb\debug\stm32f2xx_iwdg.gcc.rsp
g:\tingchechangcode\workspace\20181103v13\newcommversionhost1\vs\hostvs\hostvs\visualgdb\debug\stm32f2xx_pwr.gcc.rsp
g:\tingchechangcode\workspace\20181103v13\newcommversionhost1\vs\hostvs\hostvs\visualgdb\debug\stm32f2xx_rcc.gcc.rsp
g:\tingchechangcode\workspace\20181103v13\newcommversionhost1\vs\hostvs\hostvs\visualgdb\debug\stm32f2xx_rng.gcc.rsp
g:\tingchechangcode\workspace\20181103v13\newcommversionhost1\vs\hostvs\hostvs\visualgdb\debug\stm32f2xx_rtc.gcc.rsp
g:\tingchechangcode\workspace\20181103v13\newcommversionhost1\vs\hostvs\hostvs\visualgdb\debug\stm32f2xx_sdio.gcc.rsp
g:\tingchechangcode\workspace\20181103v13\newcommversionhost1\vs\hostvs\hostvs\visualgdb\debug\stm32f2xx_spi.gcc.rsp
g:\tingchechangcode\workspace\20181103v13\newcommversionhost1\vs\hostvs\hostvs\visualgdb\debug\stm32f2xx_syscfg.gcc.rsp
g:\tingchechangcode\workspace\20181103v13\newcommversionhost1\vs\hostvs\hostvs\visualgdb\debug\stm32f2xx_tim.gcc.rsp
g:\tingchechangcode\workspace\20181103v13\newcommversionhost1\vs\hostvs\hostvs\visualgdb\debug\stm32f2xx_usart.gcc.rsp
g:\tingchechangcode\workspace\20181103v13\newcommversionhost1\vs\hostvs\hostvs\visualgdb\debug\stm32f2xx_wwdg.gcc.rsp
g:\tingchechangcode\workspace\20181103v13\newcommversionhost1\vs\hostvs\hostvs\visualgdb\debug\system_stm32f2xx.gcc.rsp
g:\tingchechangcode\workspace\20181103v13\newcommversionhost1\vs\hostvs\hostvs\visualgdb\debug\systick.gcc.rsp
g:\tingchechangcode\workspace\20181103v13\newcommversionhost1\vs\hostvs\hostvs\visualgdb\debug\tag_accessspec.gcc.rsp
g:\tingchechangcode\workspace\20181103v13\newcommversionhost1\vs\hostvs\hostvs\visualgdb\debug\tag_selectaccessresult.gcc.rsp
g:\tingchechangcode\workspace\20181103v13\newcommversionhost1\vs\hostvs\hostvs\visualgdb\debug\tag_selectspec.gcc.rsp
g:\tingchechangcode\workspace\20181103v13\newcommversionhost1\vs\hostvs\hostvs\visualgdb\debug\tag_spec.gcc.rsp
g:\tingchechangcode\workspace\20181103v13\newcommversionhost1\vs\hostvs\hostvs\visualgdb\debug\testreadtag.gcc.rsp
g:\tingchechangcode\workspace\20181103v13\newcommversionhost1\vs\hostvs\hostvs\visualgdb\debug\time2.gcc.rsp
g:\tingchechangcode\workspace\20181103v13\newcommversionhost1\vs\hostvs\hostvs\visualgdb\debug\timer.gcc.rsp
g:\tingchechangcode\workspace\20181103v13\newcommversionhost1\vs\hostvs\hostvs\visualgdb\debug\timer3.gcc.rsp
g:\tingchechangcode\workspace\20181103v13\newcommversionhost1\vs\hostvs\hostvs\visualgdb\debug\uart_bsp_comm.gcc.rsp
g:\tingchechangcode\workspace\20181103v13\newcommversionhost1\vs\hostvs\hostvs\visualgdb\debug\utility.gcc.rsp
g:\tingchechangcode\workspace\20181103v13\newcommversionhost1\vs\hostvs\hostvs\visualgdb\debug\versionmanager.gcc.rsp
g:\tingchechangcode\workspace\20181103v13\newcommversionhost1\vs\hostvs\hostvs\visualgdb\debug\hostvs.alldeps
