g:\tingchechangcode\workspace\uart_update_hostv2.0\uart_update_host\vs\uart_update\visualgdb\debug\uart_update
g:\tingchechangcode\workspace\uart_update_hostv2.0\uart_update_host\vs\uart_update\visualgdb\debug\uart_update.link.rsp
g:\tingchechangcode\workspace\uart_update_hostv2.0\uart_update_host\vs\uart_update\visualgdb\debug\uart_update.mkbin.rsp
g:\tingchechangcode\workspace\uart_update_hostv2.0\uart_update_host\vs\uart_update\visualgdb\debug\uart_update.bin
g:\tingchechangcode\workspace\uart_update_hostv2.0\uart_update_host\vs\uart_update\uart_update\visualgdb\debug\bsptime.o
g:\tingchechangcode\workspace\uart_update_hostv2.0\uart_update_host\vs\uart_update\uart_update\visualgdb\debug\bsp_uart_update.o
g:\tingchechangcode\workspace\uart_update_hostv2.0\uart_update_host\vs\uart_update\uart_update\visualgdb\debug\common.o
g:\tingchechangcode\workspace\uart_update_hostv2.0\uart_update_host\vs\uart_update\uart_update\visualgdb\debug\core_cm3.o
g:\tingchechangcode\workspace\uart_update_hostv2.0\uart_update_host\vs\uart_update\uart_update\visualgdb\debug\delay.o
g:\tingchechangcode\workspace\uart_update_hostv2.0\uart_update_host\vs\uart_update\uart_update\visualgdb\debug\download.o
g:\tingchechangcode\workspace\uart_update_hostv2.0\uart_update_host\vs\uart_update\uart_update\visualgdb\debug\en25q256.o
g:\tingchechangcode\workspace\uart_update_hostv2.0\uart_update_host\vs\uart_update\uart_update\visualgdb\debug\flash_download.o
g:\tingchechangcode\workspace\uart_update_hostv2.0\uart_update_host\vs\uart_update\uart_update\visualgdb\debug\iap.o
g:\tingchechangcode\workspace\uart_update_hostv2.0\uart_update_host\vs\uart_update\uart_update\visualgdb\debug\main.o
g:\tingchechangcode\workspace\uart_update_hostv2.0\uart_update_host\vs\uart_update\uart_update\visualgdb\debug\misc.o
g:\tingchechangcode\workspace\uart_update_hostv2.0\uart_update_host\vs\uart_update\uart_update\visualgdb\debug\spi.o
g:\tingchechangcode\workspace\uart_update_hostv2.0\uart_update_host\vs\uart_update\uart_update\visualgdb\debug\startup_stm32f205xx.o
g:\tingchechangcode\workspace\uart_update_hostv2.0\uart_update_host\vs\uart_update\uart_update\visualgdb\debug\stm32f2xx_adc.o
g:\tingchechangcode\workspace\uart_update_hostv2.0\uart_update_host\vs\uart_update\uart_update\visualgdb\debug\stm32f2xx_can.o
g:\tingchechangcode\workspace\uart_update_hostv2.0\uart_update_host\vs\uart_update\uart_update\visualgdb\debug\stm32f2xx_crc.o
g:\tingchechangcode\workspace\uart_update_hostv2.0\uart_update_host\vs\uart_update\uart_update\visualgdb\debug\stm32f2xx_cryp.o
g:\tingchechangcode\workspace\uart_update_hostv2.0\uart_update_host\vs\uart_update\uart_update\visualgdb\debug\stm32f2xx_cryp_aes.o
g:\tingchechangcode\workspace\uart_update_hostv2.0\uart_update_host\vs\uart_update\uart_update\visualgdb\debug\stm32f2xx_cryp_des.o
g:\tingchechangcode\workspace\uart_update_hostv2.0\uart_update_host\vs\uart_update\uart_update\visualgdb\debug\stm32f2xx_cryp_tdes.o
g:\tingchechangcode\workspace\uart_update_hostv2.0\uart_update_host\vs\uart_update\uart_update\visualgdb\debug\stm32f2xx_dac.o
g:\tingchechangcode\workspace\uart_update_hostv2.0\uart_update_host\vs\uart_update\uart_update\visualgdb\debug\stm32f2xx_dbgmcu.o
g:\tingchechangcode\workspace\uart_update_hostv2.0\uart_update_host\vs\uart_update\uart_update\visualgdb\debug\stm32f2xx_dcmi.o
g:\tingchechangcode\workspace\uart_update_hostv2.0\uart_update_host\vs\uart_update\uart_update\visualgdb\debug\stm32f2xx_dma.o
g:\tingchechangcode\workspace\uart_update_hostv2.0\uart_update_host\vs\uart_update\uart_update\visualgdb\debug\stm32f2xx_exti.o
g:\tingchechangcode\workspace\uart_update_hostv2.0\uart_update_host\vs\uart_update\uart_update\visualgdb\debug\stm32f2xx_flash.o
g:\tingchechangcode\workspace\uart_update_hostv2.0\uart_update_host\vs\uart_update\uart_update\visualgdb\debug\stm32f2xx_fsmc.o
g:\tingchechangcode\workspace\uart_update_hostv2.0\uart_update_host\vs\uart_update\uart_update\visualgdb\debug\stm32f2xx_gpio.o
g:\tingchechangcode\workspace\uart_update_hostv2.0\uart_update_host\vs\uart_update\uart_update\visualgdb\debug\stm32f2xx_hash.o
g:\tingchechangcode\workspace\uart_update_hostv2.0\uart_update_host\vs\uart_update\uart_update\visualgdb\debug\stm32f2xx_hash_md5.o
g:\tingchechangcode\workspace\uart_update_hostv2.0\uart_update_host\vs\uart_update\uart_update\visualgdb\debug\stm32f2xx_hash_sha1.o
g:\tingchechangcode\workspace\uart_update_hostv2.0\uart_update_host\vs\uart_update\uart_update\visualgdb\debug\stm32f2xx_i2c.o
g:\tingchechangcode\workspace\uart_update_hostv2.0\uart_update_host\vs\uart_update\uart_update\visualgdb\debug\stm32f2xx_it.o
g:\tingchechangcode\workspace\uart_update_hostv2.0\uart_update_host\vs\uart_update\uart_update\visualgdb\debug\stm32f2xx_iwdg.o
g:\tingchechangcode\workspace\uart_update_hostv2.0\uart_update_host\vs\uart_update\uart_update\visualgdb\debug\stm32f2xx_pwr.o
g:\tingchechangcode\workspace\uart_update_hostv2.0\uart_update_host\vs\uart_update\uart_update\visualgdb\debug\stm32f2xx_rcc.o
g:\tingchechangcode\workspace\uart_update_hostv2.0\uart_update_host\vs\uart_update\uart_update\visualgdb\debug\stm32f2xx_rng.o
g:\tingchechangcode\workspace\uart_update_hostv2.0\uart_update_host\vs\uart_update\uart_update\visualgdb\debug\stm32f2xx_rtc.o
g:\tingchechangcode\workspace\uart_update_hostv2.0\uart_update_host\vs\uart_update\uart_update\visualgdb\debug\stm32f2xx_sdio.o
g:\tingchechangcode\workspace\uart_update_hostv2.0\uart_update_host\vs\uart_update\uart_update\visualgdb\debug\stm32f2xx_spi.o
g:\tingchechangcode\workspace\uart_update_hostv2.0\uart_update_host\vs\uart_update\uart_update\visualgdb\debug\stm32f2xx_syscfg.o
g:\tingchechangcode\workspace\uart_update_hostv2.0\uart_update_host\vs\uart_update\uart_update\visualgdb\debug\stm32f2xx_tim.o
g:\tingchechangcode\workspace\uart_update_hostv2.0\uart_update_host\vs\uart_update\uart_update\visualgdb\debug\stm32f2xx_usart.o
g:\tingchechangcode\workspace\uart_update_hostv2.0\uart_update_host\vs\uart_update\uart_update\visualgdb\debug\stm32f2xx_wwdg.o
g:\tingchechangcode\workspace\uart_update_hostv2.0\uart_update_host\vs\uart_update\uart_update\visualgdb\debug\stmflash.o
g:\tingchechangcode\workspace\uart_update_hostv2.0\uart_update_host\vs\uart_update\uart_update\visualgdb\debug\sys.o
g:\tingchechangcode\workspace\uart_update_hostv2.0\uart_update_host\vs\uart_update\uart_update\visualgdb\debug\system_stm32f2xx.o
g:\tingchechangcode\workspace\uart_update_hostv2.0\uart_update_host\vs\uart_update\uart_update\visualgdb\debug\ymodem.o
g:\tingchechangcode\workspace\uart_update_hostv2.0\uart_update_host\vs\uart_update\uart_update\visualgdb\debug\bsptime.dep
g:\tingchechangcode\workspace\uart_update_hostv2.0\uart_update_host\vs\uart_update\uart_update\visualgdb\debug\bsp_uart_update.dep
g:\tingchechangcode\workspace\uart_update_hostv2.0\uart_update_host\vs\uart_update\uart_update\visualgdb\debug\common.dep
g:\tingchechangcode\workspace\uart_update_hostv2.0\uart_update_host\vs\uart_update\uart_update\visualgdb\debug\core_cm3.dep
g:\tingchechangcode\workspace\uart_update_hostv2.0\uart_update_host\vs\uart_update\uart_update\visualgdb\debug\delay.dep
g:\tingchechangcode\workspace\uart_update_hostv2.0\uart_update_host\vs\uart_update\uart_update\visualgdb\debug\download.dep
g:\tingchechangcode\workspace\uart_update_hostv2.0\uart_update_host\vs\uart_update\uart_update\visualgdb\debug\en25q256.dep
g:\tingchechangcode\workspace\uart_update_hostv2.0\uart_update_host\vs\uart_update\uart_update\visualgdb\debug\flash_download.dep
g:\tingchechangcode\workspace\uart_update_hostv2.0\uart_update_host\vs\uart_update\uart_update\visualgdb\debug\iap.dep
g:\tingchechangcode\workspace\uart_update_hostv2.0\uart_update_host\vs\uart_update\uart_update\visualgdb\debug\main.dep
g:\tingchechangcode\workspace\uart_update_hostv2.0\uart_update_host\vs\uart_update\uart_update\visualgdb\debug\misc.dep
g:\tingchechangcode\workspace\uart_update_hostv2.0\uart_update_host\vs\uart_update\uart_update\visualgdb\debug\spi.dep
g:\tingchechangcode\workspace\uart_update_hostv2.0\uart_update_host\vs\uart_update\uart_update\visualgdb\debug\startup_stm32f205xx.dep
g:\tingchechangcode\workspace\uart_update_hostv2.0\uart_update_host\vs\uart_update\uart_update\visualgdb\debug\stm32f2xx_adc.dep
g:\tingchechangcode\workspace\uart_update_hostv2.0\uart_update_host\vs\uart_update\uart_update\visualgdb\debug\stm32f2xx_can.dep
g:\tingchechangcode\workspace\uart_update_hostv2.0\uart_update_host\vs\uart_update\uart_update\visualgdb\debug\stm32f2xx_crc.dep
g:\tingchechangcode\workspace\uart_update_hostv2.0\uart_update_host\vs\uart_update\uart_update\visualgdb\debug\stm32f2xx_cryp.dep
g:\tingchechangcode\workspace\uart_update_hostv2.0\uart_update_host\vs\uart_update\uart_update\visualgdb\debug\stm32f2xx_cryp_aes.dep
g:\tingchechangcode\workspace\uart_update_hostv2.0\uart_update_host\vs\uart_update\uart_update\visualgdb\debug\stm32f2xx_cryp_des.dep
g:\tingchechangcode\workspace\uart_update_hostv2.0\uart_update_host\vs\uart_update\uart_update\visualgdb\debug\stm32f2xx_cryp_tdes.dep
g:\tingchechangcode\workspace\uart_update_hostv2.0\uart_update_host\vs\uart_update\uart_update\visualgdb\debug\stm32f2xx_dac.dep
g:\tingchechangcode\workspace\uart_update_hostv2.0\uart_update_host\vs\uart_update\uart_update\visualgdb\debug\stm32f2xx_dbgmcu.dep
g:\tingchechangcode\workspace\uart_update_hostv2.0\uart_update_host\vs\uart_update\uart_update\visualgdb\debug\stm32f2xx_dcmi.dep
g:\tingchechangcode\workspace\uart_update_hostv2.0\uart_update_host\vs\uart_update\uart_update\visualgdb\debug\stm32f2xx_dma.dep
g:\tingchechangcode\workspace\uart_update_hostv2.0\uart_update_host\vs\uart_update\uart_update\visualgdb\debug\stm32f2xx_exti.dep
g:\tingchechangcode\workspace\uart_update_hostv2.0\uart_update_host\vs\uart_update\uart_update\visualgdb\debug\stm32f2xx_flash.dep
g:\tingchechangcode\workspace\uart_update_hostv2.0\uart_update_host\vs\uart_update\uart_update\visualgdb\debug\stm32f2xx_fsmc.dep
g:\tingchechangcode\workspace\uart_update_hostv2.0\uart_update_host\vs\uart_update\uart_update\visualgdb\debug\stm32f2xx_gpio.dep
g:\tingchechangcode\workspace\uart_update_hostv2.0\uart_update_host\vs\uart_update\uart_update\visualgdb\debug\stm32f2xx_hash.dep
g:\tingchechangcode\workspace\uart_update_hostv2.0\uart_update_host\vs\uart_update\uart_update\visualgdb\debug\stm32f2xx_hash_md5.dep
g:\tingchechangcode\workspace\uart_update_hostv2.0\uart_update_host\vs\uart_update\uart_update\visualgdb\debug\stm32f2xx_hash_sha1.dep
g:\tingchechangcode\workspace\uart_update_hostv2.0\uart_update_host\vs\uart_update\uart_update\visualgdb\debug\stm32f2xx_i2c.dep
g:\tingchechangcode\workspace\uart_update_hostv2.0\uart_update_host\vs\uart_update\uart_update\visualgdb\debug\stm32f2xx_it.dep
g:\tingchechangcode\workspace\uart_update_hostv2.0\uart_update_host\vs\uart_update\uart_update\visualgdb\debug\stm32f2xx_iwdg.dep
g:\tingchechangcode\workspace\uart_update_hostv2.0\uart_update_host\vs\uart_update\uart_update\visualgdb\debug\stm32f2xx_pwr.dep
g:\tingchechangcode\workspace\uart_update_hostv2.0\uart_update_host\vs\uart_update\uart_update\visualgdb\debug\stm32f2xx_rcc.dep
g:\tingchechangcode\workspace\uart_update_hostv2.0\uart_update_host\vs\uart_update\uart_update\visualgdb\debug\stm32f2xx_rng.dep
g:\tingchechangcode\workspace\uart_update_hostv2.0\uart_update_host\vs\uart_update\uart_update\visualgdb\debug\stm32f2xx_rtc.dep
g:\tingchechangcode\workspace\uart_update_hostv2.0\uart_update_host\vs\uart_update\uart_update\visualgdb\debug\stm32f2xx_sdio.dep
g:\tingchechangcode\workspace\uart_update_hostv2.0\uart_update_host\vs\uart_update\uart_update\visualgdb\debug\stm32f2xx_spi.dep
g:\tingchechangcode\workspace\uart_update_hostv2.0\uart_update_host\vs\uart_update\uart_update\visualgdb\debug\stm32f2xx_syscfg.dep
g:\tingchechangcode\workspace\uart_update_hostv2.0\uart_update_host\vs\uart_update\uart_update\visualgdb\debug\stm32f2xx_tim.dep
g:\tingchechangcode\workspace\uart_update_hostv2.0\uart_update_host\vs\uart_update\uart_update\visualgdb\debug\stm32f2xx_usart.dep
g:\tingchechangcode\workspace\uart_update_hostv2.0\uart_update_host\vs\uart_update\uart_update\visualgdb\debug\stm32f2xx_wwdg.dep
g:\tingchechangcode\workspace\uart_update_hostv2.0\uart_update_host\vs\uart_update\uart_update\visualgdb\debug\stmflash.dep
g:\tingchechangcode\workspace\uart_update_hostv2.0\uart_update_host\vs\uart_update\uart_update\visualgdb\debug\sys.dep
g:\tingchechangcode\workspace\uart_update_hostv2.0\uart_update_host\vs\uart_update\uart_update\visualgdb\debug\system_stm32f2xx.dep
g:\tingchechangcode\workspace\uart_update_hostv2.0\uart_update_host\vs\uart_update\uart_update\visualgdb\debug\ymodem.dep
g:\tingchechangcode\workspace\uart_update_hostv2.0\uart_update_host\vs\uart_update\uart_update\visualgdb\debug\bsptime.gcc.rsp
g:\tingchechangcode\workspace\uart_update_hostv2.0\uart_update_host\vs\uart_update\uart_update\visualgdb\debug\bsp_uart_update.gcc.rsp
g:\tingchechangcode\workspace\uart_update_hostv2.0\uart_update_host\vs\uart_update\uart_update\visualgdb\debug\common.gcc.rsp
g:\tingchechangcode\workspace\uart_update_hostv2.0\uart_update_host\vs\uart_update\uart_update\visualgdb\debug\core_cm3.gcc.rsp
g:\tingchechangcode\workspace\uart_update_hostv2.0\uart_update_host\vs\uart_update\uart_update\visualgdb\debug\delay.gcc.rsp
g:\tingchechangcode\workspace\uart_update_hostv2.0\uart_update_host\vs\uart_update\uart_update\visualgdb\debug\download.gcc.rsp
g:\tingchechangcode\workspace\uart_update_hostv2.0\uart_update_host\vs\uart_update\uart_update\visualgdb\debug\en25q256.gcc.rsp
g:\tingchechangcode\workspace\uart_update_hostv2.0\uart_update_host\vs\uart_update\uart_update\visualgdb\debug\flash_download.gcc.rsp
g:\tingchechangcode\workspace\uart_update_hostv2.0\uart_update_host\vs\uart_update\uart_update\visualgdb\debug\iap.gcc.rsp
g:\tingchechangcode\workspace\uart_update_hostv2.0\uart_update_host\vs\uart_update\uart_update\visualgdb\debug\main.gcc.rsp
g:\tingchechangcode\workspace\uart_update_hostv2.0\uart_update_host\vs\uart_update\uart_update\visualgdb\debug\misc.gcc.rsp
g:\tingchechangcode\workspace\uart_update_hostv2.0\uart_update_host\vs\uart_update\uart_update\visualgdb\debug\spi.gcc.rsp
g:\tingchechangcode\workspace\uart_update_hostv2.0\uart_update_host\vs\uart_update\uart_update\visualgdb\debug\startup_stm32f205xx.gcc.rsp
g:\tingchechangcode\workspace\uart_update_hostv2.0\uart_update_host\vs\uart_update\uart_update\visualgdb\debug\stm32f2xx_adc.gcc.rsp
g:\tingchechangcode\workspace\uart_update_hostv2.0\uart_update_host\vs\uart_update\uart_update\visualgdb\debug\stm32f2xx_can.gcc.rsp
g:\tingchechangcode\workspace\uart_update_hostv2.0\uart_update_host\vs\uart_update\uart_update\visualgdb\debug\stm32f2xx_crc.gcc.rsp
g:\tingchechangcode\workspace\uart_update_hostv2.0\uart_update_host\vs\uart_update\uart_update\visualgdb\debug\stm32f2xx_cryp.gcc.rsp
g:\tingchechangcode\workspace\uart_update_hostv2.0\uart_update_host\vs\uart_update\uart_update\visualgdb\debug\stm32f2xx_cryp_aes.gcc.rsp
g:\tingchechangcode\workspace\uart_update_hostv2.0\uart_update_host\vs\uart_update\uart_update\visualgdb\debug\stm32f2xx_cryp_des.gcc.rsp
g:\tingchechangcode\workspace\uart_update_hostv2.0\uart_update_host\vs\uart_update\uart_update\visualgdb\debug\stm32f2xx_cryp_tdes.gcc.rsp
g:\tingchechangcode\workspace\uart_update_hostv2.0\uart_update_host\vs\uart_update\uart_update\visualgdb\debug\stm32f2xx_dac.gcc.rsp
g:\tingchechangcode\workspace\uart_update_hostv2.0\uart_update_host\vs\uart_update\uart_update\visualgdb\debug\stm32f2xx_dbgmcu.gcc.rsp
g:\tingchechangcode\workspace\uart_update_hostv2.0\uart_update_host\vs\uart_update\uart_update\visualgdb\debug\stm32f2xx_dcmi.gcc.rsp
g:\tingchechangcode\workspace\uart_update_hostv2.0\uart_update_host\vs\uart_update\uart_update\visualgdb\debug\stm32f2xx_dma.gcc.rsp
g:\tingchechangcode\workspace\uart_update_hostv2.0\uart_update_host\vs\uart_update\uart_update\visualgdb\debug\stm32f2xx_exti.gcc.rsp
g:\tingchechangcode\workspace\uart_update_hostv2.0\uart_update_host\vs\uart_update\uart_update\visualgdb\debug\stm32f2xx_flash.gcc.rsp
g:\tingchechangcode\workspace\uart_update_hostv2.0\uart_update_host\vs\uart_update\uart_update\visualgdb\debug\stm32f2xx_fsmc.gcc.rsp
g:\tingchechangcode\workspace\uart_update_hostv2.0\uart_update_host\vs\uart_update\uart_update\visualgdb\debug\stm32f2xx_gpio.gcc.rsp
g:\tingchechangcode\workspace\uart_update_hostv2.0\uart_update_host\vs\uart_update\uart_update\visualgdb\debug\stm32f2xx_hash.gcc.rsp
g:\tingchechangcode\workspace\uart_update_hostv2.0\uart_update_host\vs\uart_update\uart_update\visualgdb\debug\stm32f2xx_hash_md5.gcc.rsp
g:\tingchechangcode\workspace\uart_update_hostv2.0\uart_update_host\vs\uart_update\uart_update\visualgdb\debug\stm32f2xx_hash_sha1.gcc.rsp
g:\tingchechangcode\workspace\uart_update_hostv2.0\uart_update_host\vs\uart_update\uart_update\visualgdb\debug\stm32f2xx_i2c.gcc.rsp
g:\tingchechangcode\workspace\uart_update_hostv2.0\uart_update_host\vs\uart_update\uart_update\visualgdb\debug\stm32f2xx_it.gcc.rsp
g:\tingchechangcode\workspace\uart_update_hostv2.0\uart_update_host\vs\uart_update\uart_update\visualgdb\debug\stm32f2xx_iwdg.gcc.rsp
g:\tingchechangcode\workspace\uart_update_hostv2.0\uart_update_host\vs\uart_update\uart_update\visualgdb\debug\stm32f2xx_pwr.gcc.rsp
g:\tingchechangcode\workspace\uart_update_hostv2.0\uart_update_host\vs\uart_update\uart_update\visualgdb\debug\stm32f2xx_rcc.gcc.rsp
g:\tingchechangcode\workspace\uart_update_hostv2.0\uart_update_host\vs\uart_update\uart_update\visualgdb\debug\stm32f2xx_rng.gcc.rsp
g:\tingchechangcode\workspace\uart_update_hostv2.0\uart_update_host\vs\uart_update\uart_update\visualgdb\debug\stm32f2xx_rtc.gcc.rsp
g:\tingchechangcode\workspace\uart_update_hostv2.0\uart_update_host\vs\uart_update\uart_update\visualgdb\debug\stm32f2xx_sdio.gcc.rsp
g:\tingchechangcode\workspace\uart_update_hostv2.0\uart_update_host\vs\uart_update\uart_update\visualgdb\debug\stm32f2xx_spi.gcc.rsp
g:\tingchechangcode\workspace\uart_update_hostv2.0\uart_update_host\vs\uart_update\uart_update\visualgdb\debug\stm32f2xx_syscfg.gcc.rsp
g:\tingchechangcode\workspace\uart_update_hostv2.0\uart_update_host\vs\uart_update\uart_update\visualgdb\debug\stm32f2xx_tim.gcc.rsp
g:\tingchechangcode\workspace\uart_update_hostv2.0\uart_update_host\vs\uart_update\uart_update\visualgdb\debug\stm32f2xx_usart.gcc.rsp
g:\tingchechangcode\workspace\uart_update_hostv2.0\uart_update_host\vs\uart_update\uart_update\visualgdb\debug\stm32f2xx_wwdg.gcc.rsp
g:\tingchechangcode\workspace\uart_update_hostv2.0\uart_update_host\vs\uart_update\uart_update\visualgdb\debug\stmflash.gcc.rsp
g:\tingchechangcode\workspace\uart_update_hostv2.0\uart_update_host\vs\uart_update\uart_update\visualgdb\debug\sys.gcc.rsp
g:\tingchechangcode\workspace\uart_update_hostv2.0\uart_update_host\vs\uart_update\uart_update\visualgdb\debug\system_stm32f2xx.gcc.rsp
g:\tingchechangcode\workspace\uart_update_hostv2.0\uart_update_host\vs\uart_update\uart_update\visualgdb\debug\ymodem.gcc.rsp
g:\tingchechangcode\workspace\uart_update_hostv2.0\uart_update_host\vs\uart_update\uart_update\visualgdb\debug\uart_update.alldeps
